{
  "uid" : "135e98d87bf96696",
  "name" : "test_three",
  "fullName" : "T1.test_2#test_three",
  "historyId" : "8664ad1bc4d7a6a38d644fc208461c32",
  "time" : {
    "start" : 1565657740580,
    "stop" : 1565657740580,
    "duration" : 0
  },
  "status" : "failed",
  "statusMessage" : "AssertionError: assert 100 < 10",
  "statusTrace" : "def test_three():\n        n = 100\n        # 设定断言，判断n小于101\n>       assert n < 10\nE       assert 100 < 10\n\nT1\\test_2.py:25: AssertionError",
  "flaky" : false,
  "newFailed" : false,
  "beforeStages" : [ ],
  "afterStages" : [ ],
  "labels" : [ {
    "name" : "parentSuite",
    "value" : "T1"
  }, {
    "name" : "suite",
    "value" : "test_2"
  }, {
    "name" : "subSuite"
  }, {
    "name" : "host",
    "value" : "pc-guohonggang"
  }, {
    "name" : "thread",
    "value" : "11656-MainThread"
  }, {
    "name" : "framework",
    "value" : "pytest"
  }, {
    "name" : "language",
    "value" : "cpython3"
  }, {
    "name" : "package",
    "value" : "T1.test_2"
  }, {
    "name" : "resultFormat",
    "value" : "allure2"
  } ],
  "parameters" : [ ],
  "links" : [ ],
  "hidden" : false,
  "retry" : false,
  "extra" : {
    "severity" : "normal",
    "retries" : [ ],
    "categories" : [ {
      "name" : "Product defects",
      "matchedStatuses" : [ ],
      "flaky" : false
    } ],
    "tags" : [ ]
  },
  "source" : "135e98d87bf96696.json",
  "parameterValues" : [ ]
}