{
  "uid" : "f3d31c0318991d55",
  "name" : "test_1",
  "fullName" : "T1.test_1#test_1",
  "historyId" : "4d0b2befaa03b519f58fcdb81cb9ea31",
  "time" : {
    "start" : 1565580339199,
    "stop" : 1565580339199,
    "duration" : 0
  },
  "status" : "failed",
  "statusMessage" : "AssertionError: assert 3 == 2",
  "statusTrace" : "def test_1():\n        a = 1\n        b = 2\n        c = a + b\n        # 实际结果是3，预期结果是2\n        # 设定断言\n>       assert c == 2\nE       assert 3 == 2\n\nT1\\test_1.py:13: AssertionError",
  "flaky" : false,
  "newFailed" : false,
  "beforeStages" : [ ],
  "afterStages" : [ ],
  "labels" : [ {
    "name" : "parentSuite",
    "value" : "T1"
  }, {
    "name" : "suite",
    "value" : "test_1"
  }, {
    "name" : "subSuite"
  }, {
    "name" : "host",
    "value" : "pc-guohonggang"
  }, {
    "name" : "thread",
    "value" : "9692-MainThread"
  }, {
    "name" : "framework",
    "value" : "pytest"
  }, {
    "name" : "language",
    "value" : "cpython3"
  }, {
    "name" : "package",
    "value" : "T1.test_1"
  }, {
    "name" : "resultFormat",
    "value" : "allure2"
  } ],
  "parameters" : [ ],
  "links" : [ ],
  "hidden" : true,
  "retry" : true,
  "extra" : {
    "categories" : [ ],
    "tags" : [ ]
  },
  "source" : "f3d31c0318991d55.json",
  "parameterValues" : [ ]
}