{
  "uid" : "1670d1a78558daaa",
  "name" : "test_10",
  "fullName" : "test_1#test_10",
  "historyId" : "cf3d2d54d7d03bd0942f84260d5454c3",
  "time" : {
    "start" : 1566181491957,
    "stop" : 1566181491958,
    "duration" : 1
  },
  "status" : "failed",
  "statusMessage" : "AssertionError: assert 3 == 4",
  "statusTrace" : "@allure.feature(\"模块三\")\n    @allure.severity(\"trivial\")\n    def test_10():\n>       assert 3 == 4\nE       assert 3 == 4\n\ntest_1.py:76: AssertionError",
  "flaky" : false,
  "newFailed" : false,
  "beforeStages" : [ ],
  "afterStages" : [ ],
  "labels" : [ {
    "name" : "severity",
    "value" : "trivial"
  }, {
    "name" : "feature",
    "value" : "模块三"
  }, {
    "name" : "parentSuite"
  }, {
    "name" : "suite",
    "value" : "test_1"
  }, {
    "name" : "subSuite"
  }, {
    "name" : "host",
    "value" : "pc-guohonggang"
  }, {
    "name" : "thread",
    "value" : "9880-MainThread"
  }, {
    "name" : "framework",
    "value" : "pytest"
  }, {
    "name" : "language",
    "value" : "cpython3"
  }, {
    "name" : "package",
    "value" : "test_1"
  }, {
    "name" : "resultFormat",
    "value" : "allure2"
  } ],
  "parameters" : [ ],
  "links" : [ ],
  "hidden" : true,
  "retry" : true,
  "extra" : {
    "categories" : [ ],
    "tags" : [ ]
  },
  "source" : "1670d1a78558daaa.json",
  "parameterValues" : [ ]
}