{
  "uid" : "8a306d0b597fdd75",
  "name" : "test_9",
  "fullName" : "test_1#test_9",
  "historyId" : "4bfd404cc156e55d67f452d47146152a",
  "time" : {
    "start" : 1566182361933,
    "stop" : 1566182361933,
    "duration" : 0
  },
  "status" : "failed",
  "statusMessage" : "AssertionError: assert 3 == 5",
  "statusTrace" : "@allure.feature(\"模块三\")\n    @allure.severity(\"minor\")\n    def test_9():\n>       assert 3 == 5\nE       assert 3 == 5\n\ntest_1.py:70: AssertionError",
  "flaky" : false,
  "newFailed" : false,
  "beforeStages" : [ ],
  "afterStages" : [ ],
  "labels" : [ {
    "name" : "feature",
    "value" : "模块三"
  }, {
    "name" : "severity",
    "value" : "minor"
  }, {
    "name" : "parentSuite"
  }, {
    "name" : "suite",
    "value" : "test_1"
  }, {
    "name" : "subSuite"
  }, {
    "name" : "host",
    "value" : "pc-guohonggang"
  }, {
    "name" : "thread",
    "value" : "4352-MainThread"
  }, {
    "name" : "framework",
    "value" : "pytest"
  }, {
    "name" : "language",
    "value" : "cpython3"
  }, {
    "name" : "package",
    "value" : "test_1"
  }, {
    "name" : "resultFormat",
    "value" : "allure2"
  } ],
  "parameters" : [ ],
  "links" : [ ],
  "hidden" : true,
  "retry" : true,
  "extra" : {
    "categories" : [ ],
    "tags" : [ ]
  },
  "source" : "8a306d0b597fdd75.json",
  "parameterValues" : [ ]
}