{"name": "test_5", "status": "failed", "statusDetails": {"message": "AssertionError: assert 0 == 1", "trace": "@allure.feature(\"模块三\")\n    @allure.severity(\"blocker\")\n    def test_5():\n    \n>       assert  0 == 1\nE       assert 0 == 1\n\ntest_1.py:54: AssertionError"}, "start": 1566182361882, "stop": 1566182361883, "uuid": "1af7ac3f-ff2b-4322-8018-7bd0cd72e4bd", "historyId": "7b3a5ac7ed95b89b2a893d590a2f37ff", "fullName": "test_1#test_5", "labels": [{"name": "severity", "value": "blocker"}, {"name": "feature", "value": "模块三"}, {"name": "parentSuite"}, {"name": "suite", "value": "test_1"}, {"name": "subSuite"}, {"name": "host", "value": "pc-guohonggang"}, {"name": "thread", "value": "4352-MainThread"}, {"name": "framework", "value": "pytest"}, {"name": "language", "value": "cpython3"}, {"name": "package", "value": "test_1"}]}