{"name": "test_5", "status": "failed", "statusDetails": {"message": "AssertionError: assert 0 == 1", "trace": "@allure.feature(\"模块三\")\n    @allure.severity(\"blocker\")\n    def test_5():\n    \n>       assert  0 == 1\nE       assert 0 == 1\n\ntest_1.py:52: AssertionError"}, "start": 1566180593476, "stop": 1566180593477, "uuid": "887e8d30-5dc4-470d-882b-230867e7c60e", "historyId": "7b3a5ac7ed95b89b2a893d590a2f37ff", "fullName": "test_1#test_5", "labels": [{"name": "severity", "value": "blocker"}, {"name": "feature", "value": "模块三"}, {"name": "parentSuite"}, {"name": "suite", "value": "test_1"}, {"name": "subSuite"}, {"name": "host", "value": "pc-guohonggang"}, {"name": "thread", "value": "14836-MainThread"}, {"name": "framework", "value": "pytest"}, {"name": "language", "value": "cpython3"}, {"name": "package", "value": "test_1"}]}