{"name": "test_8", "status": "failed", "statusDetails": {"message": "AssertionError: assert 3 == 5", "trace": "@allure.feature(\"模块三\")\n    @allure.severity(\"minor\")\n    def test_8():\n>       assert 3 == 5\nE       assert 3 == 5\n\ntest_1.py:70: AssertionError"}, "start": 1566182588857, "stop": 1566182588858, "uuid": "669dd1c9-1f80-49ad-acee-453e745400d7", "historyId": "2588b602c853a291dd3fec024efaad8a", "fullName": "test_1#test_8", "labels": [{"name": "feature", "value": "模块三"}, {"name": "severity", "value": "minor"}, {"name": "parentSuite"}, {"name": "suite", "value": "test_1"}, {"name": "subSuite"}, {"name": "host", "value": "pc-guohonggang"}, {"name": "thread", "value": "8808-MainThread"}, {"name": "framework", "value": "pytest"}, {"name": "language", "value": "cpython3"}, {"name": "package", "value": "test_1"}]}