{"name": "test_10", "status": "failed", "statusDetails": {"message": "AssertionError: assert 3 == 4", "trace": "@allure.feature(\"模块三\")\n    @allure.severity(\"trivial\")\n    def test_10():\n>       assert 3 == 4\nE       assert 3 == 4\n\ntest_1.py:76: AssertionError"}, "start": 1566182361945, "stop": 1566182361945, "uuid": "68d64906-8e23-491d-80b4-62e7d5d85916", "historyId": "cf3d2d54d7d03bd0942f84260d5454c3", "fullName": "test_1#test_10", "labels": [{"name": "severity", "value": "trivial"}, {"name": "feature", "value": "模块三"}, {"name": "parentSuite"}, {"name": "suite", "value": "test_1"}, {"name": "subSuite"}, {"name": "host", "value": "pc-guohonggang"}, {"name": "thread", "value": "4352-MainThread"}, {"name": "framework", "value": "pytest"}, {"name": "language", "value": "cpython3"}, {"name": "package", "value": "test_1"}]}