{"name": "test_9", "status": "failed", "statusDetails": {"message": "AssertionError: assert 3 == 5", "trace": "@allure.feature(\"模块三\")\n    @allure.severity(\"minor\")\n    def test_9():\n>       assert 3 == 5\nE       assert 3 == 5\n\ntest_1.py:68: AssertionError"}, "start": 1566180593503, "stop": 1566180593503, "uuid": "15821cea-a99c-499e-9f3f-627252146ca0", "historyId": "4bfd404cc156e55d67f452d47146152a", "fullName": "test_1#test_9", "labels": [{"name": "severity", "value": "minor"}, {"name": "feature", "value": "模块三"}, {"name": "parentSuite"}, {"name": "suite", "value": "test_1"}, {"name": "subSuite"}, {"name": "host", "value": "pc-guohonggang"}, {"name": "thread", "value": "14836-MainThread"}, {"name": "framework", "value": "pytest"}, {"name": "language", "value": "cpython3"}, {"name": "package", "value": "test_1"}]}