{"name": "test_9", "status": "failed", "statusDetails": {"message": "AssertionError: assert 3 == 5", "trace": "@allure.feature(\"模块三\")\n    @allure.severity(\"minor\")\n    def test_9():\n>       assert 3 == 5\nE       assert 3 == 5\n\ntest_1.py:70: AssertionError"}, "start": 1566182361933, "stop": 1566182361933, "uuid": "e67d87df-1bdf-41c8-8b2d-218c53a596df", "historyId": "4bfd404cc156e55d67f452d47146152a", "fullName": "test_1#test_9", "labels": [{"name": "feature", "value": "模块三"}, {"name": "severity", "value": "minor"}, {"name": "parentSuite"}, {"name": "suite", "value": "test_1"}, {"name": "subSuite"}, {"name": "host", "value": "pc-guohonggang"}, {"name": "thread", "value": "4352-MainThread"}, {"name": "framework", "value": "pytest"}, {"name": "language", "value": "cpython3"}, {"name": "package", "value": "test_1"}]}